<?xml version="1.0" encoding="UTF-8"?>
<!-- Generated by org.testng.reporters.JUnitReportReporter -->
<testsuite hostname="DESKTOP-QS1C4DG" failures="0" tests="4" name="com.Testngfeatures.IgnoreTest" time="0.020" errors="0" timestamp="2023-11-27T05:59:02 PST" skipped="2">
  <testcase classname="com.Testngfeatures.IgnoreTest" name="f" time="0.016"/>
  <testcase classname="com.Testngfeatures.IgnoreTest" name="f2" time="0.004"/>
  <testcase classname="com.Testngfeatures.IgnoreTest" name="f3">
    <skipped/>
  </testcase> <!-- f3 -->
  <testcase classname="com.Testngfeatures.IgnoreTest" name="f4">
    <skipped/>
  </testcase> <!-- f4 -->
</testsuite> <!-- com.Testngfeatures.IgnoreTest -->
