<?xml version="1.0" encoding="UTF-8"?>
<!-- Generated by org.testng.reporters.JUnitReportReporter -->
<testsuite hostname="DESKTOP-QS1C4DG" failures="0" tests="1" name="com.Testngfeatures.ExpectedException" time="0.010" errors="0" timestamp="2023-11-27T17:56:48 PST" skipped="0">
  <testcase classname="com.Testngfeatures.ExpectedException" name="f" time="0.010"/>
</testsuite> <!-- com.Testngfeatures.ExpectedException -->
