<?xml version="1.0" encoding="UTF-8"?>
<!-- Generated by org.testng.reporters.JUnitReportReporter -->
<testsuite hostname="DESKTOP-QS1C4DG" failures="0" tests="2" name="com.Testngfeatures.ParallelTest" time="17.201" errors="0" timestamp="2023-11-28T18:22:03 PST" skipped="0">
  <testcase classname="com.Testngfeatures.ParallelTest" name="browserlanuch2" time="8.632"/>
  <testcase classname="com.Testngfeatures.ParallelTest" name="browserlaunch1" time="8.569"/>
</testsuite> <!-- com.Testngfeatures.ParallelTest -->
