<?xml version="1.0" encoding="UTF-8"?>
<!-- Generated by org.testng.reporters.JUnitReportReporter -->
<testsuite hostname="DESKTOP-QS1C4DG" failures="0" tests="6" name="com.Testngfeatures.PriorityTest" time="0.041" errors="0" timestamp="2023-11-27T05:51:59 PST" skipped="0">
  <testcase classname="com.Testngfeatures.PriorityTest" name="f" time="0.017"/>
  <testcase classname="com.Testngfeatures.PriorityTest" name="f2" time="0.007"/>
  <testcase classname="com.Testngfeatures.PriorityTest" name="f3" time="0.005"/>
  <testcase classname="com.Testngfeatures.PriorityTest" name="f3" time="0.003"/>
  <testcase classname="com.Testngfeatures.PriorityTest" name="f3" time="0.007"/>
  <testcase classname="com.Testngfeatures.PriorityTest" name="f1" time="0.002"/>
</testsuite> <!-- com.Testngfeatures.PriorityTest -->
