<?xml version="1.0" encoding="UTF-8"?>
<!-- Generated by org.testng.reporters.JUnitReportReporter -->
<testsuite hostname="DESKTOP-QS1C4DG" failures="0" tests="1" name="com.Testngfeatures.ParameterizedTest" time="0.013" errors="0" timestamp="2023-11-28T18:00:42 PST" skipped="0">
  <testcase classname="com.Testngfeatures.ParameterizedTest" name="login" time="0.013"/>
</testsuite> <!-- com.Testngfeatures.ParameterizedTest -->
