<?xml version="1.0" encoding="UTF-8"?>
<!-- Generated by org.testng.reporters.JUnitReportReporter -->
<testsuite hostname="DESKTOP-QS1C4DG" failures="0" tests="2" name="com.Testngfeatures.DataproviderTest" time="0.012" errors="0" timestamp="2023-11-28T18:09:08 PST" skipped="0">
  <testcase classname="com.Testngfeatures.DataproviderTest" name="loginParameter" time="0.009"/>
  <testcase classname="com.Testngfeatures.DataproviderTest" name="loginParameter" time="0.003"/>
</testsuite> <!-- com.Testngfeatures.DataproviderTest -->
