<?xml version="1.0" encoding="UTF-8"?>
<!-- Generated by org.testng.reporters.JUnitReportReporter -->
<testsuite hostname="DESKTOP-QS1C4DG" failures="0" tests="4" name="com.Testngfeatures.DependOnMethod" time="0.022" errors="0" timestamp="2023-11-27T06:05:53 PST" skipped="1">
  <testcase classname="com.Testngfeatures.DependOnMethod" name="f2" time="0.002"/>
  <testcase classname="com.Testngfeatures.DependOnMethod" name="f1" time="0.006"/>
  <testcase classname="com.Testngfeatures.DependOnMethod" name="f4" time="0.014"/>
  <testcase classname="com.Testngfeatures.DependOnMethod" name="f">
    <skipped/>
  </testcase> <!-- f -->
</testsuite> <!-- com.Testngfeatures.DependOnMethod -->
