<?xml version="1.0" encoding="UTF-8"?>
<!-- Generated by org.testng.reporters.JUnitReportReporter -->
<testsuite hostname="DESKTOP-QS1C4DG" failures="0" tests="2" name="com.Testngfeatures.SoftassertTest" time="0.061" errors="0" timestamp="2023-11-29T17:54:43 PST" skipped="0">
  <testcase classname="com.Testngfeatures.SoftassertTest" name="f2" time="0.002"/>
  <testcase classname="com.Testngfeatures.SoftassertTest" name="f" time="0.059"/>
</testsuite> <!-- com.Testngfeatures.SoftassertTest -->
