<?xml version="1.0" encoding="UTF-8"?>
<!-- Generated by org.testng.reporters.JUnitReportReporter -->
<testsuite hostname="DESKTOP-QS1C4DG" failures="0" tests="5" name="com.Testngfeatures.GroupingTest" time="0.023" errors="0" timestamp="2023-11-29T18:11:13 PST" skipped="0">
  <testcase classname="com.Testngfeatures.GroupingTest" name="afterTest" time="0.002"/>
  <testcase classname="com.Testngfeatures.GroupingTest" name="afterClass" time="0.013"/>
  <testcase classname="com.Testngfeatures.GroupingTest" name="afterSuite" time="0.004"/>
  <testcase classname="com.Testngfeatures.GroupingTest" name="afterMethod" time="0.002"/>
  <testcase classname="com.Testngfeatures.GroupingTest" name="f" time="0.002"/>
</testsuite> <!-- com.Testngfeatures.GroupingTest -->
