<?xml version="1.0" encoding="UTF-8"?>
<!-- Generated by org.testng.reporters.JUnitReportReporter -->
<testsuite hostname="DESKTOP-QS1C4DG" failures="0" tests="2" name="com.Testngfeatures.SampleAnnotationTest" time="0.020" errors="0" timestamp="2023-11-27T05:33:17 PST" skipped="0">
  <testcase classname="com.Testngfeatures.SampleAnnotationTest" name="f" time="0.012"/>
  <testcase classname="com.Testngfeatures.SampleAnnotationTest" name="f2" time="0.008"/>
</testsuite> <!-- com.Testngfeatures.SampleAnnotationTest -->
